<?xml version="1.0" encoding="UTF-8"?>
<testng-results ignored="0" total="2" passed="2" failed="0" skipped="0">
  <reporter-output>
  </reporter-output>
  <suite started-at="2025-07-16T15:21:15 IST" name="QKart test" finished-at="2025-07-16T15:21:19 IST" duration-ms="4090">
    <groups>
    </groups>
    <test started-at="2025-07-16T15:21:15 IST" name="Chrome driver test" finished-at="2025-07-16T15:21:18 IST" duration-ms="3062">
      <class name="Tests.TestCase">
        <test-method is-config="true" signature="setUp(java.lang.String)[pri:0, instance:Tests.TestCase@14028087]" started-at="2025-07-16T15:21:15 IST" name="setUp" finished-at="2025-07-16T15:21:17 IST" duration-ms="2500" status="PASS">
          <params>
            <param index="0">
              <value>
                <![CDATA[chrome]]>
              </value>
            </param>
          </params>
          <reporter-output>
          </reporter-output>
        </test-method> <!-- setUp -->
        <test-method signature="testCase01()[pri:0, instance:Tests.TestCase@14028087]" started-at="2025-07-16T15:21:17 IST" name="testCase01" finished-at="2025-07-16T15:21:18 IST" duration-ms="498" status="PASS">
          <reporter-output>
          </reporter-output>
        </test-method> <!-- testCase01 -->
      </class> <!-- Tests.TestCase -->
    </test> <!-- Chrome driver test -->
    <test started-at="2025-07-16T15:21:15 IST" name="FireFox driver Test" finished-at="2025-07-16T15:21:19 IST" duration-ms="4090">
      <class name="Tests.TestCase">
        <test-method is-config="true" signature="setUp(java.lang.String)[pri:0, instance:Tests.TestCase@338fc1d8]" started-at="2025-07-16T15:21:15 IST" name="setUp" finished-at="2025-07-16T15:21:18 IST" duration-ms="3413" status="PASS">
          <params>
            <param index="0">
              <value>
                <![CDATA[fireFox]]>
              </value>
            </param>
          </params>
          <reporter-output>
          </reporter-output>
        </test-method> <!-- setUp -->
        <test-method signature="testCase01()[pri:0, instance:Tests.TestCase@338fc1d8]" started-at="2025-07-16T15:21:18 IST" name="testCase01" finished-at="2025-07-16T15:21:19 IST" duration-ms="651" status="PASS">
          <reporter-output>
          </reporter-output>
        </test-method> <!-- testCase01 -->
      </class> <!-- Tests.TestCase -->
    </test> <!-- FireFox driver Test -->
  </suite> <!-- QKart test -->
</testng-results>
